<?xml version="1.0" encoding="UTF-8"?>
<!-- Generated by org.testng.reporters.JUnitReportReporter -->
<testsuite hostname="DESKTOP-9HB2MMB" failures="0" tests="1" name="basicCommands.GetCommands" time="103.480" errors="0" timestamp="2022-08-10T11:29:54 IST" skipped="0">
  <testcase classname="basicCommands.GetCommands" name="getMethod" time="103.480"/>
  <system-out/>
</testsuite> <!-- basicCommands.GetCommands -->
