<?xml version="1.0" encoding="UTF-8"?>
<!-- Generated by org.testng.reporters.JUnitReportReporter -->
<testsuite hostname="DESKTOP-9HB2MMB" failures="0" tests="1" name="pageModelTesting.PageTesting" time="30.200" errors="0" timestamp="2022-08-11T19:02:07 IST" skipped="0">
  <testcase classname="pageModelTesting.PageTesting" name="verifySwitchToFrame" time="30.200"/>
  <system-out/>
</testsuite> <!-- pageModelTesting.PageTesting -->
